Info: Starting: Create block symbol file (.bsf)
Info: ip-generate --project-directory=C:/FPGA_Projects/VGA_Driver_VHDL/ --output-directory=C:/FPGA_Projects/VGA_Driver_VHDL/PLL/ --report-file=bsf:C:/FPGA_Projects/VGA_Driver_VHDL/PLL.bsf --system-info=DEVICE_FAMILY="Cyclone II" --system-info=DEVICE=EP2C20F484C7 --system-info=DEVICE_SPEEDGRADE=7 --component-file=C:/FPGA_Projects/VGA_Driver_VHDL/PLL.qsys
Progress: Loading VGA_Driver_VHDL/PLL.qsys
Progress: Reading input file
Progress: Adding PLL [altpll 13.0]
Progress: Parameterizing module PLL
Progress: Building connections
Progress: Parameterizing connections
Progress: Validating
Progress: Done reading input file
Warning: PLL.PLL: PLL.pll_slave must be connected to an Avalon-MM master
Warning: PLL.PLL: PLL.areset_conduit must be exported, or connected to a matching conduit.
Warning: PLL.PLL: PLL.locked_conduit must be exported, or connected to a matching conduit.
Warning: PLL.PLL: PLL.phasedone_conduit must be exported, or connected to a matching conduit.
Info: ip-generate succeeded.
Info: Finished: Create block symbol file (.bsf)
Info: 
Info: Starting: Create HDL design files for synthesis
Info: ip-generate --project-directory=C:/FPGA_Projects/VGA_Driver_VHDL/ --output-directory=C:/FPGA_Projects/VGA_Driver_VHDL/PLL/synthesis/ --file-set=QUARTUS_SYNTH --report-file=sopcinfo:C:/FPGA_Projects/VGA_Driver_VHDL/PLL.sopcinfo --report-file=html:C:/FPGA_Projects/VGA_Driver_VHDL/PLL.html --report-file=qip:C:/FPGA_Projects/VGA_Driver_VHDL/PLL/synthesis/PLL.qip --report-file=cmp:C:/FPGA_Projects/VGA_Driver_VHDL/PLL.cmp --report-file=svd --system-info=DEVICE_FAMILY="Cyclone II" --system-info=DEVICE=EP2C20F484C7 --system-info=DEVICE_SPEEDGRADE=7 --component-file=C:/FPGA_Projects/VGA_Driver_VHDL/PLL.qsys --language=VHDL
Progress: Loading VGA_Driver_VHDL/PLL.qsys
Progress: Reading input file
Progress: Adding PLL [altpll 13.0]
Progress: Parameterizing module PLL
Progress: Building connections
Progress: Parameterizing connections
Progress: Validating
Progress: Done reading input file
Warning: PLL.PLL: PLL.pll_slave must be connected to an Avalon-MM master
Warning: PLL.PLL: PLL.areset_conduit must be exported, or connected to a matching conduit.
Warning: PLL.PLL: PLL.locked_conduit must be exported, or connected to a matching conduit.
Warning: PLL.PLL: PLL.phasedone_conduit must be exported, or connected to a matching conduit.
Info: PLL: Generating PLL "PLL" for QUARTUS_SYNTH
Info: pipeline_bridge_swap_transform: After transform: 1 modules, 0 connections
Info: No custom instruction connections, skipping transform 
Info: No Avalon connections, skipping transform 
Info: merlin_translator_transform: After transform: 1 modules, 0 connections
Info: PLL: "PLL" instantiated altpll "PLL"
Info: PLL: Done PLL" with 2 modules, 2 files, 12318 bytes
Info: ip-generate succeeded.
Info: Finished: Create HDL design files for synthesis
